
 Performance counter stats for 'mpirun --oversubscribe -np 1 ./mandel_ompi_seq -0.188 -0.012 0.554 0.754 4096 1' (15 runs):

         21,487.43 msec task-clock:u              #    0.936 CPUs utilized            ( +-  0.66% )
                 0      context-switches:u        #    0.000 /sec                   
                 0      cpu-migrations:u          #    0.000 /sec                   
             4,961      page-faults:u             #  229.513 /sec                     ( +-  0.05% )
    70,768,479,535      cycles:u                  #    3.274 GHz                      ( +-  0.02% )
    83,877,451,812      instructions:u            #    1.19  insn per cycle           ( +-  0.00% )
     6,261,195,587      branches:u                #  289.664 M/sec                    ( +-  0.00% )
        16,754,304      branch-misses:u           #    0.27% of all branches          ( +-  0.02% )

            22.963 +- 0.160 seconds time elapsed  ( +-  0.70% )


 Performance counter stats for 'mpirun --oversubscribe -np 8 ./mandel_ompi_seq -0.188 -0.012 0.554 0.754 4096 1' (15 runs):

         25,658.71 msec task-clock:u              #    3.236 CPUs utilized            ( +-  0.13% )
                 0      context-switches:u        #    0.000 /sec                   
                 0      cpu-migrations:u          #    0.000 /sec                   
            15,531      page-faults:u             #  603.832 /sec                     ( +-  0.04% )
    71,453,451,299      cycles:u                  #    2.778 GHz                      ( +-  0.02% )
    85,217,890,234      instructions:u            #    1.19  insn per cycle           ( +-  0.00% )
     6,532,215,147      branches:u                #  253.967 M/sec                    ( +-  0.00% )
        21,157,428      branch-misses:u           #    0.32% of all branches          ( +-  0.03% )

            7.9293 +- 0.0146 seconds time elapsed  ( +-  0.18% )


 Performance counter stats for 'mpirun --oversubscribe -np 16 ./mandel_ompi_seq -0.188 -0.012 0.554 0.754 4096 1' (15 runs):

         28,564.41 msec task-clock:u              #    3.354 CPUs utilized            ( +-  0.08% )
                 0      context-switches:u        #    0.000 /sec                   
                 0      cpu-migrations:u          #    0.000 /sec                   
            27,723      page-faults:u             #  971.490 /sec                     ( +-  0.05% )
    72,400,857,184      cycles:u                  #    2.537 GHz                      ( +-  0.01% )
    86,757,974,119      instructions:u            #    1.20  insn per cycle           ( +-  0.00% )
     6,843,592,259      branches:u                #  239.818 M/sec                    ( +-  0.00% )
        26,328,644      branch-misses:u           #    0.38% of all branches          ( +-  0.06% )

           8.51563 +- 0.00721 seconds time elapsed  ( +-  0.08% )


 Performance counter stats for 'mpirun --oversubscribe -np 32 ./mandel_ompi_seq -0.188 -0.012 0.554 0.754 4096 1' (15 runs):

         34,046.07 msec task-clock:u              #    3.328 CPUs utilized            ( +-  1.11% )
                 0      context-switches:u        #    0.000 /sec                   
                 0      cpu-migrations:u          #    0.000 /sec                   
            52,802      page-faults:u             #    1.497 K/sec                    ( +-  0.05% )
    74,369,915,224      cycles:u                  #    2.108 GHz                      ( +-  0.05% )
    89,897,473,253      instructions:u            #    1.21  insn per cycle           ( +-  0.01% )
     7,479,405,681      branches:u                #  212.030 M/sec                    ( +-  0.02% )
        37,360,951      branch-misses:u           #    0.50% of all branches          ( +-  0.25% )

           10.2301 +- 0.0977 seconds time elapsed  ( +-  0.95% )


 Performance counter stats for 'mpirun --oversubscribe -np 64 ./mandel_ompi_seq -0.188 -0.012 0.554 0.754 4096 1' (15 runs):

         50,267.77 msec task-clock:u              #    3.692 CPUs utilized            ( +-  0.16% )
                 0      context-switches:u        #    0.000 /sec                   
                 0      cpu-migrations:u          #    0.000 /sec                   
           104,935      page-faults:u             #    2.109 K/sec                    ( +-  0.04% )
    79,675,153,572      cycles:u                  #    1.601 GHz                      ( +-  0.05% )
    96,527,941,404      instructions:u            #    1.21  insn per cycle           ( +-  0.01% )
     8,831,497,042      branches:u                #  177.507 M/sec                    ( +-  0.02% )
        64,107,863      branch-misses:u           #    0.73% of all branches          ( +-  0.15% )

           13.6137 +- 0.0292 seconds time elapsed  ( +-  0.21% )

